<?xml version="1.0" encoding="UTF-8"?>
<!-- Generated by org.testng.reporters.JUnitReportReporter -->
<testsuite hostname="DESKTOP-A91QGQ6" failures="0" tests="1" name="testrunners.UserRegTest" time="2.777" errors="1" timestamp="2024-10-28T12:46:09 IST" skipped="0">
  <testcase classname="testrunners.UserRegTest" name="runScenario" time="2.777">
    <error message="session not created: This version of ChromeDriver only supports Chrome version 128
Current browser version is 130.0.6723.70 with binary path C:\Program Files\Google\Chrome\Application\chrome.exe
Build info: version: &#039;3.141.59&#039;, revision: &#039;e82be7d358&#039;, time: &#039;2018-11-14T08:17:03&#039;
System info: host: &#039;DESKTOP-A91QGQ6&#039;, ip: &#039;192.168.1.3&#039;, os.name: &#039;Windows 10&#039;, os.arch: &#039;amd64&#039;, os.version: &#039;10.0&#039;, java.version: &#039;23&#039;
Driver info: driver.version: ChromeDriver
remote stacktrace: 	GetHandleVerifier [0x00007FF69CA7B632+29090]
	(No symbol) [0x00007FF69C9EE6E9]
	(No symbol) [0x00007FF69C8AB1CA]
	(No symbol) [0x00007FF69C8ED6B2]
	(No symbol) [0x00007FF69C8EC751]
	(No symbol) [0x00007FF69C8E729C]
	(No symbol) [0x00007FF69C8E1E0A]
	(No symbol) [0x00007FF69C93236D]
	(No symbol) [0x00007FF69C931A20]
	(No symbol) [0x00007FF69C926493]
	(No symbol) [0x00007FF69C8F09B1]
	(No symbol) [0x00007FF69C8F1B11]
	GetHandleVerifier [0x00007FF69CD9881D+3294093]
	GetHandleVerifier [0x00007FF69CDE4403+3604339]
	GetHandleVerifier [0x00007FF69CDDA2C7+3563063]
	GetHandleVerifier [0x00007FF69CB36F16+797318]
	(No symbol) [0x00007FF69C9F986F]
	(No symbol) [0x00007FF69C9F5454]
	(No symbol) [0x00007FF69C9F55E0]
	(No symbol) [0x00007FF69C9E4A7F]
	BaseThreadInitThunk [0x00007FFAC2667374+20]
	RtlUserThreadStart [0x00007FFAC2C7CC91+33]
" type="org.openqa.selenium.SessionNotCreatedException">
      <![CDATA[org.openqa.selenium.SessionNotCreatedException: session not created: This version of ChromeDriver only supports Chrome version 128
Current browser version is 130.0.6723.70 with binary path C:\Program Files\Google\Chrome\Application\chrome.exe
Build info: version: '3.141.59', revision: 'e82be7d358', time: '2018-11-14T08:17:03'
System info: host: 'DESKTOP-A91QGQ6', ip: '192.168.1.3', os.name: 'Windows 10', os.arch: 'amd64', os.version: '10.0', java.version: '23'
Driver info: driver.version: ChromeDriver
remote stacktrace: GetHandleVerifier [0x00007FF69CA7B632+29090]
(No symbol) [0x00007FF69C9EE6E9]
(No symbol) [0x00007FF69C8AB1CA]
(No symbol) [0x00007FF69C8ED6B2]
(No symbol) [0x00007FF69C8EC751]
(No symbol) [0x00007FF69C8E729C]
(No symbol) [0x00007FF69C8E1E0A]
(No symbol) [0x00007FF69C93236D]
(No symbol) [0x00007FF69C931A20]
(No symbol) [0x00007FF69C926493]
(No symbol) [0x00007FF69C8F09B1]
(No symbol) [0x00007FF69C8F1B11]
GetHandleVerifier [0x00007FF69CD9881D+3294093]
GetHandleVerifier [0x00007FF69CDE4403+3604339]
GetHandleVerifier [0x00007FF69CDDA2C7+3563063]
GetHandleVerifier [0x00007FF69CB36F16+797318]
(No symbol) [0x00007FF69C9F986F]
(No symbol) [0x00007FF69C9F5454]
(No symbol) [0x00007FF69C9F55E0]
(No symbol) [0x00007FF69C9E4A7F]
BaseThreadInitThunk [0x00007FFAC2667374+20]
RtlUserThreadStart [0x00007FFAC2C7CC91+33]

at java.base/jdk.internal.reflect.DirectConstructorHandleAccessor.newInstance(DirectConstructorHandleAccessor.java:62)
at java.base/java.lang.reflect.Constructor.newInstanceWithCaller(Constructor.java:501)
at java.base/java.lang.reflect.Constructor.newInstance(Constructor.java:485)
at org.openqa.selenium.remote.W3CHandshakeResponse.lambda$errorHandler$0(W3CHandshakeResponse.java:62)
at org.openqa.selenium.remote.HandshakeResponse.lambda$getResponseFunction$0(HandshakeResponse.java:30)
at org.openqa.selenium.remote.ProtocolHandshake.lambda$createSession$0(ProtocolHandshake.java:126)
at java.base/java.util.stream.ReferencePipeline$3$1.accept(ReferencePipeline.java:215)
at java.base/java.util.Spliterators$ArraySpliterator.tryAdvance(Spliterators.java:1034)
at java.base/java.util.stream.ReferencePipeline.forEachWithCancel(ReferencePipeline.java:147)
at java.base/java.util.stream.AbstractPipeline.copyIntoWithCancel(AbstractPipeline.java:588)
at java.base/java.util.stream.AbstractPipeline.copyInto(AbstractPipeline.java:574)
at java.base/java.util.stream.AbstractPipeline.wrapAndCopyInto(AbstractPipeline.java:560)
at java.base/java.util.stream.FindOps$FindOp.evaluateSequential(FindOps.java:150)
at java.base/java.util.stream.AbstractPipeline.evaluate(AbstractPipeline.java:265)
at java.base/java.util.stream.ReferencePipeline.findFirst(ReferencePipeline.java:687)
at org.openqa.selenium.remote.ProtocolHandshake.createSession(ProtocolHandshake.java:128)
at org.openqa.selenium.remote.ProtocolHandshake.createSession(ProtocolHandshake.java:74)
at org.openqa.selenium.remote.HttpCommandExecutor.execute(HttpCommandExecutor.java:136)
at org.openqa.selenium.remote.service.DriverCommandExecutor.execute(DriverCommandExecutor.java:83)
at org.openqa.selenium.remote.RemoteWebDriver.execute(RemoteWebDriver.java:552)
at org.openqa.selenium.remote.RemoteWebDriver.startSession(RemoteWebDriver.java:213)
at org.openqa.selenium.remote.RemoteWebDriver.<init>(RemoteWebDriver.java:131)
at org.openqa.selenium.chrome.ChromeDriver.<init>(ChromeDriver.java:181)
at org.openqa.selenium.chrome.ChromeDriver.<init>(ChromeDriver.java:168)
at org.openqa.selenium.chrome.ChromeDriver.<init>(ChromeDriver.java:123)
at stepdefenitions.OrangeHRM.i_open_the_browser_with_url(OrangeHRM.java:27)
at âœ½.i open the browser with url "http://orangehrm.qedgetech.com"(file:///D:/selenuim/OrangeHrm_cucumber/FeatureFiles/userreg.feature:8)
]]>
    </error>
  </testcase> <!-- runScenario -->
  <system-out/>
</testsuite> <!-- testrunners.UserRegTest -->
